<?xml version="1.0" encoding="UTF-8"?>
<!-- Generated by org.testng.reporters.JUnitXMLReporter -->
<testsuite ignored="2" hostname="DESKTOP-FIK5SPH" failures="0" tests="1" name="Default test" time="22.929" errors="0" timestamp="2023-12-22T14:43:59 IST">
  <testcase classname="testScripts.contactUs" name="validation_message" time="6.023"/>
  <testcase classname="testScripts.contactUs" name="contact_us_wthout_message_tc" time="0.0">
    <ignored/>
  </testcase> <!-- contact_us_wthout_message_tc -->
  <testcase classname="testScripts.contactUs" name="contact_us_wth_message_tc" time="0.0">
    <ignored/>
  </testcase> <!-- contact_us_wth_message_tc -->
</testsuite> <!-- Default test -->
