<?xml version="1.0" encoding="UTF-8"?>
<!-- Generated by org.testng.reporters.JUnitXMLReporter -->
<testsuite ignored="1" hostname="DESKTOP-FIK5SPH" failures="0" tests="1" name="Default test" time="135.393" errors="0" timestamp="2023-12-21T16:18:55 IST">
  <testcase classname="testScripts.homePage" name="homePage_tc" time="83.626"/>
  <testcase classname="testScripts.homePage" name="header_menu_functionality" time="0.0">
    <ignored/>
  </testcase> <!-- header_menu_functionality -->
</testsuite> <!-- Default test -->
